<?xml version="1.0" encoding="UTF-8"?>
<!-- Generated by org.testng.reporters.JUnitXMLReporter -->
<testsuite ignored="0" hostname="WIN-BFPEDAGD8KS" failures="0" tests="7" name="Command line test" time="0.069" errors="0" timestamp="2022-08-12T10:13:55 MSK">
  <testcase classname="PersonTest" name="test1" time="0.007"/>
  <testcase classname="PersonTest" name="test2" time="0.0"/>
  <testcase classname="PersonTest" name="test3" time="0.0"/>
  <testcase classname="PersonTest" name="test4" time="0.003"/>
  <testcase classname="PersonTest" name="test5" time="0.001"/>
  <testcase classname="PersonTest" name="test6" time="0.0"/>
  <testcase classname="PersonTest" name="test7" time="0.0"/>
</testsuite> <!-- Command line test -->
