<?xml version="1.0" encoding="UTF-8"?>
<testng-results ignored="0" total="7" passed="7" failed="0" skipped="0">
  <reporter-output>
  </reporter-output>
  <suite started-at="2022-08-12T10:13:55 MSK" name="PersonTest" finished-at="2022-08-12T10:13:55 MSK" duration-ms="69">
    <groups>
    </groups>
    <test started-at="2022-08-12T10:13:55 MSK" name="Command line test" finished-at="2022-08-12T10:13:55 MSK" duration-ms="69">
      <class name="PersonTest">
        <test-method signature="test1()[pri:0, instance:PersonTest@2d127a61]" started-at="2022-08-12T10:13:55 MSK" name="test1" finished-at="2022-08-12T10:13:55 MSK" duration-ms="7" status="PASS">
          <reporter-output>
          </reporter-output>
        </test-method> <!-- test1 -->
        <test-method signature="test2()[pri:0, instance:PersonTest@2d127a61]" started-at="2022-08-12T10:13:55 MSK" name="test2" finished-at="2022-08-12T10:13:55 MSK" duration-ms="0" status="PASS">
          <reporter-output>
          </reporter-output>
        </test-method> <!-- test2 -->
        <test-method signature="test3()[pri:0, instance:PersonTest@2d127a61]" started-at="2022-08-12T10:13:55 MSK" name="test3" finished-at="2022-08-12T10:13:55 MSK" duration-ms="0" status="PASS">
          <reporter-output>
          </reporter-output>
        </test-method> <!-- test3 -->
        <test-method signature="test4()[pri:0, instance:PersonTest@2d127a61]" started-at="2022-08-12T10:13:55 MSK" name="test4" finished-at="2022-08-12T10:13:55 MSK" duration-ms="3" status="PASS">
          <reporter-output>
          </reporter-output>
        </test-method> <!-- test4 -->
        <test-method signature="test5()[pri:0, instance:PersonTest@2d127a61]" started-at="2022-08-12T10:13:55 MSK" name="test5" finished-at="2022-08-12T10:13:55 MSK" duration-ms="1" status="PASS">
          <reporter-output>
          </reporter-output>
        </test-method> <!-- test5 -->
        <test-method signature="test6()[pri:0, instance:PersonTest@2d127a61]" started-at="2022-08-12T10:13:55 MSK" name="test6" finished-at="2022-08-12T10:13:55 MSK" duration-ms="0" status="PASS">
          <reporter-output>
          </reporter-output>
        </test-method> <!-- test6 -->
        <test-method signature="test7()[pri:0, instance:PersonTest@2d127a61]" started-at="2022-08-12T10:13:55 MSK" name="test7" finished-at="2022-08-12T10:13:55 MSK" duration-ms="0" status="PASS">
          <reporter-output>
          </reporter-output>
        </test-method> <!-- test7 -->
      </class> <!-- PersonTest -->
    </test> <!-- Command line test -->
  </suite> <!-- PersonTest -->
</testng-results>
